  Building Custom Rule C:/Users/flobo/Documents/Gits/PD3D/geovar/tetgen1.5.1/CMakeLists.txt
  CMake does not need to re-run because C:/Users/flobo/Documents/Gits/PD3D/geovar/tetgen1.5.1/build/CMakeFiles/generate.stamp is up-to-date.
  tetgen.cxx
C:\Users\flobo\Documents\Gits\PD3D\geovar\tetgen1.5.1\tetgen.cxx(202): warning C4996: 'strcpy': This function or variable may be unsafe. Consider using strcpy_s instead. To disable deprecation, use _CRT_SECURE_NO_WARNINGS. See online help for details.
  C:\Program Files (x86)\Windows Kits\10\Include\10.0.17763.0\ucrt\string.h(133): note: see declaration of 'strcpy'
C:\Users\flobo\Documents\Gits\PD3D\geovar\tetgen1.5.1\tetgen.cxx(203): warning C4996: 'strcat': This function or variable may be unsafe. Consider using strcat_s instead. To disable deprecation, use _CRT_SECURE_NO_WARNINGS. See online help for details.
  C:\Program Files (x86)\Windows Kits\10\Include\10.0.17763.0\ucrt\string.h(90): note: see declaration of 'strcat'
C:\Users\flobo\Documents\Gits\PD3D\geovar\tetgen1.5.1\tetgen.cxx(206): warning C4996: 'fopen': This function or variable may be unsafe. Consider using fopen_s instead. To disable deprecation, use _CRT_SECURE_NO_WARNINGS. See online help for details.
  C:\Program Files (x86)\Windows Kits\10\Include\10.0.17763.0\ucrt\stdio.h(208): note: see declaration of 'fopen'
C:\Users\flobo\Documents\Gits\PD3D\geovar\tetgen1.5.1\tetgen.cxx(279): warning C4996: 'strcpy': This function or variable may be unsafe. Consider using strcpy_s instead. To disable deprecation, use _CRT_SECURE_NO_WARNINGS. See online help for details.
  C:\Program Files (x86)\Windows Kits\10\Include\10.0.17763.0\ucrt\string.h(133): note: see declaration of 'strcpy'
C:\Users\flobo\Documents\Gits\PD3D\geovar\tetgen1.5.1\tetgen.cxx(280): warning C4996: 'strcat': This function or variable may be unsafe. Consider using strcat_s instead. To disable deprecation, use _CRT_SECURE_NO_WARNINGS. See online help for details.
  C:\Program Files (x86)\Windows Kits\10\Include\10.0.17763.0\ucrt\string.h(90): note: see declaration of 'strcat'
C:\Users\flobo\Documents\Gits\PD3D\geovar\tetgen1.5.1\tetgen.cxx(282): warning C4996: 'fopen': This function or variable may be unsafe. Consider using fopen_s instead. To disable deprecation, use _CRT_SECURE_NO_WARNINGS. See online help for details.
  C:\Program Files (x86)\Windows Kits\10\Include\10.0.17763.0\ucrt\stdio.h(208): note: see declaration of 'fopen'
C:\Users\flobo\Documents\Gits\PD3D\geovar\tetgen1.5.1\tetgen.cxx(361): warning C4996: 'strcpy': This function or variable may be unsafe. Consider using strcpy_s instead. To disable deprecation, use _CRT_SECURE_NO_WARNINGS. See online help for details.
  C:\Program Files (x86)\Windows Kits\10\Include\10.0.17763.0\ucrt\string.h(133): note: see declaration of 'strcpy'
C:\Users\flobo\Documents\Gits\PD3D\geovar\tetgen1.5.1\tetgen.cxx(362): warning C4996: 'strcat': This function or variable may be unsafe. Consider using strcat_s instead. To disable deprecation, use _CRT_SECURE_NO_WARNINGS. See online help for details.
  C:\Program Files (x86)\Windows Kits\10\Include\10.0.17763.0\ucrt\string.h(90): note: see declaration of 'strcat'
C:\Users\flobo\Documents\Gits\PD3D\geovar\tetgen1.5.1\tetgen.cxx(364): warning C4996: 'fopen': This function or variable may be unsafe. Consider using fopen_s instead. To disable deprecation, use _CRT_SECURE_NO_WARNINGS. See online help for details.
  C:\Program Files (x86)\Windows Kits\10\Include\10.0.17763.0\ucrt\stdio.h(208): note: see declaration of 'fopen'
C:\Users\flobo\Documents\Gits\PD3D\geovar\tetgen1.5.1\tetgen.cxx(457): warning C4996: 'strcpy': This function or variable may be unsafe. Consider using strcpy_s instead. To disable deprecation, use _CRT_SECURE_NO_WARNINGS. See online help for details.
  C:\Program Files (x86)\Windows Kits\10\Include\10.0.17763.0\ucrt\string.h(133): note: see declaration of 'strcpy'
C:\Users\flobo\Documents\Gits\PD3D\geovar\tetgen1.5.1\tetgen.cxx(458): warning C4996: 'strcat': This function or variable may be unsafe. Consider using strcat_s instead. To disable deprecation, use _CRT_SECURE_NO_WARNINGS. See online help for details.
  C:\Program Files (x86)\Windows Kits\10\Include\10.0.17763.0\ucrt\string.h(90): note: see declaration of 'strcat'
C:\Users\flobo\Documents\Gits\PD3D\geovar\tetgen1.5.1\tetgen.cxx(460): warning C4996: 'fopen': This function or variable may be unsafe. Consider using fopen_s instead. To disable deprecation, use _CRT_SECURE_NO_WARNINGS. See online help for details.
  C:\Program Files (x86)\Windows Kits\10\Include\10.0.17763.0\ucrt\stdio.h(208): note: see declaration of 'fopen'
C:\Users\flobo\Documents\Gits\PD3D\geovar\tetgen1.5.1\tetgen.cxx(564): warning C4996: 'strcpy': This function or variable may be unsafe. Consider using strcpy_s instead. To disable deprecation, use _CRT_SECURE_NO_WARNINGS. See online help for details.
  C:\Program Files (x86)\Windows Kits\10\Include\10.0.17763.0\ucrt\string.h(133): note: see declaration of 'strcpy'
C:\Users\flobo\Documents\Gits\PD3D\geovar\tetgen1.5.1\tetgen.cxx(565): warning C4996: 'strcat': This function or variable may be unsafe. Consider using strcat_s instead. To disable deprecation, use _CRT_SECURE_NO_WARNINGS. See online help for details.
  C:\Program Files (x86)\Windows Kits\10\Include\10.0.17763.0\ucrt\string.h(90): note: see declaration of 'strcat'
C:\Users\flobo\Documents\Gits\PD3D\geovar\tetgen1.5.1\tetgen.cxx(567): warning C4996: 'fopen': This function or variable may be unsafe. Consider using fopen_s instead. To disable deprecation, use _CRT_SECURE_NO_WARNINGS. See online help for details.
  C:\Program Files (x86)\Windows Kits\10\Include\10.0.17763.0\ucrt\stdio.h(208): note: see declaration of 'fopen'
C:\Users\flobo\Documents\Gits\PD3D\geovar\tetgen1.5.1\tetgen.cxx(578): warning C4996: 'strcpy': This function or variable may be unsafe. Consider using strcpy_s instead. To disable deprecation, use _CRT_SECURE_NO_WARNINGS. See online help for details.
  C:\Program Files (x86)\Windows Kits\10\Include\10.0.17763.0\ucrt\string.h(133): note: see declaration of 'strcpy'
C:\Users\flobo\Documents\Gits\PD3D\geovar\tetgen1.5.1\tetgen.cxx(579): warning C4996: 'strcat': This function or variable may be unsafe. Consider using strcat_s instead. To disable deprecation, use _CRT_SECURE_NO_WARNINGS. See online help for details.
  C:\Program Files (x86)\Windows Kits\10\Include\10.0.17763.0\ucrt\string.h(90): note: see declaration of 'strcat'
C:\Users\flobo\Documents\Gits\PD3D\geovar\tetgen1.5.1\tetgen.cxx(625): warning C4996: 'strcpy': This function or variable may be unsafe. Consider using strcpy_s instead. To disable deprecation, use _CRT_SECURE_NO_WARNINGS. See online help for details.
  C:\Program Files (x86)\Windows Kits\10\Include\10.0.17763.0\ucrt\string.h(133): note: see declaration of 'strcpy'
C:\Users\flobo\Documents\Gits\PD3D\geovar\tetgen1.5.1\tetgen.cxx(626): warning C4996: 'strcat': This function or variable may be unsafe. Consider using strcat_s instead. To disable deprecation, use _CRT_SECURE_NO_WARNINGS. See online help for details.
  C:\Program Files (x86)\Windows Kits\10\Include\10.0.17763.0\ucrt\string.h(90): note: see declaration of 'strcat'
C:\Users\flobo\Documents\Gits\PD3D\geovar\tetgen1.5.1\tetgen.cxx(627): warning C4996: 'fopen': This function or variable may be unsafe. Consider using fopen_s instead. To disable deprecation, use _CRT_SECURE_NO_WARNINGS. See online help for details.
  C:\Program Files (x86)\Windows Kits\10\Include\10.0.17763.0\ucrt\stdio.h(208): note: see declaration of 'fopen'
C:\Users\flobo\Documents\Gits\PD3D\geovar\tetgen1.5.1\tetgen.cxx(747): warning C4996: 'strcpy': This function or variable may be unsafe. Consider using strcpy_s instead. To disable deprecation, use _CRT_SECURE_NO_WARNINGS. See online help for details.
  C:\Program Files (x86)\Windows Kits\10\Include\10.0.17763.0\ucrt\string.h(133): note: see declaration of 'strcpy'
C:\Users\flobo\Documents\Gits\PD3D\geovar\tetgen1.5.1\tetgen.cxx(748): warning C4996: 'strcat': This function or variable may be unsafe. Consider using strcat_s instead. To disable deprecation, use _CRT_SECURE_NO_WARNINGS. See online help for details.
  C:\Program Files (x86)\Windows Kits\10\Include\10.0.17763.0\ucrt\string.h(90): note: see declaration of 'strcat'
C:\Users\flobo\Documents\Gits\PD3D\geovar\tetgen1.5.1\tetgen.cxx(749): warning C4996: 'fopen': This function or variable may be unsafe. Consider using fopen_s instead. To disable deprecation, use _CRT_SECURE_NO_WARNINGS. See online help for details.
  C:\Program Files (x86)\Windows Kits\10\Include\10.0.17763.0\ucrt\stdio.h(208): note: see declaration of 'fopen'
C:\Users\flobo\Documents\Gits\PD3D\geovar\tetgen1.5.1\tetgen.cxx(821): warning C4996: 'strcpy': This function or variable may be unsafe. Consider using strcpy_s instead. To disable deprecation, use _CRT_SECURE_NO_WARNINGS. See online help for details.
  C:\Program Files (x86)\Windows Kits\10\Include\10.0.17763.0\ucrt\string.h(133): note: see declaration of 'strcpy'
C:\Users\flobo\Documents\Gits\PD3D\geovar\tetgen1.5.1\tetgen.cxx(822): warning C4996: 'strcpy': This function or variable may be unsafe. Consider using strcpy_s instead. To disable deprecation, use _CRT_SECURE_NO_WARNINGS. See online help for details.
  C:\Program Files (x86)\Windows Kits\10\Include\10.0.17763.0\ucrt\string.h(133): note: see declaration of 'strcpy'
C:\Users\flobo\Documents\Gits\PD3D\geovar\tetgen1.5.1\tetgen.cxx(823): warning C4996: 'strcat': This function or variable may be unsafe. Consider using strcat_s instead. To disable deprecation, use _CRT_SECURE_NO_WARNINGS. See online help for details.
  C:\Program Files (x86)\Windows Kits\10\Include\10.0.17763.0\ucrt\string.h(90): note: see declaration of 'strcat'
C:\Users\flobo\Documents\Gits\PD3D\geovar\tetgen1.5.1\tetgen.cxx(824): warning C4996: 'strcat': This function or variable may be unsafe. Consider using strcat_s instead. To disable deprecation, use _CRT_SECURE_NO_WARNINGS. See online help for details.
  C:\Program Files (x86)\Windows Kits\10\Include\10.0.17763.0\ucrt\string.h(90): note: see declaration of 'strcat'
C:\Users\flobo\Documents\Gits\PD3D\geovar\tetgen1.5.1\tetgen.cxx(829): warning C4996: 'fopen': This function or variable may be unsafe. Consider using fopen_s instead. To disable deprecation, use _CRT_SECURE_NO_WARNINGS. See online help for details.
  C:\Program Files (x86)\Windows Kits\10\Include\10.0.17763.0\ucrt\stdio.h(208): note: see declaration of 'fopen'
C:\Users\flobo\Documents\Gits\PD3D\geovar\tetgen1.5.1\tetgen.cxx(832): warning C4996: 'fopen': This function or variable may be unsafe. Consider using fopen_s instead. To disable deprecation, use _CRT_SECURE_NO_WARNINGS. See online help for details.
  C:\Program Files (x86)\Windows Kits\10\Include\10.0.17763.0\ucrt\stdio.h(208): note: see declaration of 'fopen'
C:\Users\flobo\Documents\Gits\PD3D\geovar\tetgen1.5.1\tetgen.cxx(1231): warning C4996: 'strncpy': This function or variable may be unsafe. Consider using strncpy_s instead. To disable deprecation, use _CRT_SECURE_NO_WARNINGS. See online help for details.
  C:\Program Files (x86)\Windows Kits\10\Include\10.0.17763.0\ucrt\string.h(338): note: see declaration of 'strncpy'
C:\Users\flobo\Documents\Gits\PD3D\geovar\tetgen1.5.1\tetgen.cxx(1238): warning C4996: 'strcat': This function or variable may be unsafe. Consider using strcat_s instead. To disable deprecation, use _CRT_SECURE_NO_WARNINGS. See online help for details.
  C:\Program Files (x86)\Windows Kits\10\Include\10.0.17763.0\ucrt\string.h(90): note: see declaration of 'strcat'
C:\Users\flobo\Documents\Gits\PD3D\geovar\tetgen1.5.1\tetgen.cxx(1241): warning C4996: 'fopen': This function or variable may be unsafe. Consider using fopen_s instead. To disable deprecation, use _CRT_SECURE_NO_WARNINGS. See online help for details.
  C:\Program Files (x86)\Windows Kits\10\Include\10.0.17763.0\ucrt\stdio.h(208): note: see declaration of 'fopen'
C:\Users\flobo\Documents\Gits\PD3D\geovar\tetgen1.5.1\tetgen.cxx(1259): warning C4996: 'sscanf': This function or variable may be unsafe. Consider using sscanf_s instead. To disable deprecation, use _CRT_SECURE_NO_WARNINGS. See online help for details.
  C:\Program Files (x86)\Windows Kits\10\Include\10.0.17763.0\ucrt\stdio.h(2263): note: see declaration of 'sscanf'
C:\Users\flobo\Documents\Gits\PD3D\geovar\tetgen1.5.1\tetgen.cxx(1393): warning C4996: 'strncpy': This function or variable may be unsafe. Consider using strncpy_s instead. To disable deprecation, use _CRT_SECURE_NO_WARNINGS. See online help for details.
  C:\Program Files (x86)\Windows Kits\10\Include\10.0.17763.0\ucrt\string.h(338): note: see declaration of 'strncpy'
C:\Users\flobo\Documents\Gits\PD3D\geovar\tetgen1.5.1\tetgen.cxx(1400): warning C4996: 'strcat': This function or variable may be unsafe. Consider using strcat_s instead. To disable deprecation, use _CRT_SECURE_NO_WARNINGS. See online help for details.
  C:\Program Files (x86)\Windows Kits\10\Include\10.0.17763.0\ucrt\string.h(90): note: see declaration of 'strcat'
C:\Users\flobo\Documents\Gits\PD3D\geovar\tetgen1.5.1\tetgen.cxx(1403): warning C4996: 'fopen': This function or variable may be unsafe. Consider using fopen_s instead. To disable deprecation, use _CRT_SECURE_NO_WARNINGS. See online help for details.
  C:\Program Files (x86)\Windows Kits\10\Include\10.0.17763.0\ucrt\stdio.h(208): note: see declaration of 'fopen'
C:\Users\flobo\Documents\Gits\PD3D\geovar\tetgen1.5.1\tetgen.cxx(1621): warning C4996: 'strncpy': This function or variable may be unsafe. Consider using strncpy_s instead. To disable deprecation, use _CRT_SECURE_NO_WARNINGS. See online help for details.
  C:\Program Files (x86)\Windows Kits\10\Include\10.0.17763.0\ucrt\string.h(338): note: see declaration of 'strncpy'
C:\Users\flobo\Documents\Gits\PD3D\geovar\tetgen1.5.1\tetgen.cxx(1628): warning C4996: 'strcat': This function or variable may be unsafe. Consider using strcat_s instead. To disable deprecation, use _CRT_SECURE_NO_WARNINGS. See online help for details.
  C:\Program Files (x86)\Windows Kits\10\Include\10.0.17763.0\ucrt\string.h(90): note: see declaration of 'strcat'
C:\Users\flobo\Documents\Gits\PD3D\geovar\tetgen1.5.1\tetgen.cxx(1631): warning C4996: 'fopen': This function or variable may be unsafe. Consider using fopen_s instead. To disable deprecation, use _CRT_SECURE_NO_WARNINGS. See online help for details.
  C:\Program Files (x86)\Windows Kits\10\Include\10.0.17763.0\ucrt\stdio.h(208): note: see declaration of 'fopen'
C:\Users\flobo\Documents\Gits\PD3D\geovar\tetgen1.5.1\tetgen.cxx(1799): warning C4996: 'strncpy': This function or variable may be unsafe. Consider using strncpy_s instead. To disable deprecation, use _CRT_SECURE_NO_WARNINGS. See online help for details.
  C:\Program Files (x86)\Windows Kits\10\Include\10.0.17763.0\ucrt\string.h(338): note: see declaration of 'strncpy'
C:\Users\flobo\Documents\Gits\PD3D\geovar\tetgen1.5.1\tetgen.cxx(1806): warning C4996: 'strcat': This function or variable may be unsafe. Consider using strcat_s instead. To disable deprecation, use _CRT_SECURE_NO_WARNINGS. See online help for details.
  C:\Program Files (x86)\Windows Kits\10\Include\10.0.17763.0\ucrt\string.h(90): note: see declaration of 'strcat'
C:\Users\flobo\Documents\Gits\PD3D\geovar\tetgen1.5.1\tetgen.cxx(1809): warning C4996: 'fopen': This function or variable may be unsafe. Consider using fopen_s instead. To disable deprecation, use _CRT_SECURE_NO_WARNINGS. See online help for details.
  C:\Program Files (x86)\Windows Kits\10\Include\10.0.17763.0\ucrt\stdio.h(208): note: see declaration of 'fopen'
C:\Users\flobo\Documents\Gits\PD3D\geovar\tetgen1.5.1\tetgen.cxx(2159): warning C4996: 'strncpy': This function or variable may be unsafe. Consider using strncpy_s instead. To disable deprecation, use _CRT_SECURE_NO_WARNINGS. See online help for details.
  C:\Program Files (x86)\Windows Kits\10\Include\10.0.17763.0\ucrt\string.h(338): note: see declaration of 'strncpy'
C:\Users\flobo\Documents\Gits\PD3D\geovar\tetgen1.5.1\tetgen.cxx(2166): warning C4996: 'strcat': This function or variable may be unsafe. Consider using strcat_s instead. To disable deprecation, use _CRT_SECURE_NO_WARNINGS. See online help for details.
  C:\Program Files (x86)\Windows Kits\10\Include\10.0.17763.0\ucrt\string.h(90): note: see declaration of 'strcat'
C:\Users\flobo\Documents\Gits\PD3D\geovar\tetgen1.5.1\tetgen.cxx(2168): warning C4996: 'fopen': This function or variable may be unsafe. Consider using fopen_s instead. To disable deprecation, use _CRT_SECURE_NO_WARNINGS. See online help for details.
  C:\Program Files (x86)\Windows Kits\10\Include\10.0.17763.0\ucrt\stdio.h(208): note: see declaration of 'fopen'
C:\Users\flobo\Documents\Gits\PD3D\geovar\tetgen1.5.1\tetgen.cxx(2176): warning C4996: 'strcpy': This function or variable may be unsafe. Consider using strcpy_s instead. To disable deprecation, use _CRT_SECURE_NO_WARNINGS. See online help for details.
  C:\Program Files (x86)\Windows Kits\10\Include\10.0.17763.0\ucrt\string.h(133): note: see declaration of 'strcpy'
C:\Users\flobo\Documents\Gits\PD3D\geovar\tetgen1.5.1\tetgen.cxx(2184): warning C4996: 'sscanf': This function or variable may be unsafe. Consider using sscanf_s instead. To disable deprecation, use _CRT_SECURE_NO_WARNINGS. See online help for details.
  C:\Program Files (x86)\Windows Kits\10\Include\10.0.17763.0\ucrt\stdio.h(2263): note: see declaration of 'sscanf'
C:\Users\flobo\Documents\Gits\PD3D\geovar\tetgen1.5.1\tetgen.cxx(2186): warning C4996: 'strcpy': This function or variable may be unsafe. Consider using strcpy_s instead. To disable deprecation, use _CRT_SECURE_NO_WARNINGS. See online help for details.
  C:\Program Files (x86)\Windows Kits\10\Include\10.0.17763.0\ucrt\string.h(133): note: see declaration of 'strcpy'
C:\Users\flobo\Documents\Gits\PD3D\geovar\tetgen1.5.1\tetgen.cxx(2190): warning C4996: 'sscanf': This function or variable may be unsafe. Consider using sscanf_s instead. To disable deprecation, use _CRT_SECURE_NO_WARNINGS. See online help for details.
  C:\Program Files (x86)\Windows Kits\10\Include\10.0.17763.0\ucrt\stdio.h(2263): note: see declaration of 'sscanf'
C:\Users\flobo\Documents\Gits\PD3D\geovar\tetgen1.5.1\tetgen.cxx(2253): warning C4996: 'sscanf': This function or variable may be unsafe. Consider using sscanf_s instead. To disable deprecation, use _CRT_SECURE_NO_WARNINGS. See online help for details.
  C:\Program Files (x86)\Windows Kits\10\Include\10.0.17763.0\ucrt\stdio.h(2263): note: see declaration of 'sscanf'
C:\Users\flobo\Documents\Gits\PD3D\geovar\tetgen1.5.1\tetgen.cxx(2462): warning C4996: 'sprintf': This function or variable may be unsafe. Consider using sprintf_s instead. To disable deprecation, use _CRT_SECURE_NO_WARNINGS. See online help for details.
  C:\Program Files (x86)\Windows Kits\10\Include\10.0.17763.0\ucrt\stdio.h(1774): note: see declaration of 'sprintf'
C:\Users\flobo\Documents\Gits\PD3D\geovar\tetgen1.5.1\tetgen.cxx(2464): warning C4996: 'fopen': This function or variable may be unsafe. Consider using fopen_s instead. To disable deprecation, use _CRT_SECURE_NO_WARNINGS. See online help for details.
  C:\Program Files (x86)\Windows Kits\10\Include\10.0.17763.0\ucrt\stdio.h(208): note: see declaration of 'fopen'
C:\Users\flobo\Documents\Gits\PD3D\geovar\tetgen1.5.1\tetgen.cxx(2488): warning C4996: 'sprintf': This function or variable may be unsafe. Consider using sprintf_s instead. To disable deprecation, use _CRT_SECURE_NO_WARNINGS. See online help for details.
  C:\Program Files (x86)\Windows Kits\10\Include\10.0.17763.0\ucrt\stdio.h(1774): note: see declaration of 'sprintf'
C:\Users\flobo\Documents\Gits\PD3D\geovar\tetgen1.5.1\tetgen.cxx(2490): warning C4996: 'fopen': This function or variable may be unsafe. Consider using fopen_s instead. To disable deprecation, use _CRT_SECURE_NO_WARNINGS. See online help for details.
  C:\Program Files (x86)\Windows Kits\10\Include\10.0.17763.0\ucrt\stdio.h(208): note: see declaration of 'fopen'
C:\Users\flobo\Documents\Gits\PD3D\geovar\tetgen1.5.1\tetgen.cxx(2514): warning C4996: 'sprintf': This function or variable may be unsafe. Consider using sprintf_s instead. To disable deprecation, use _CRT_SECURE_NO_WARNINGS. See online help for details.
  C:\Program Files (x86)\Windows Kits\10\Include\10.0.17763.0\ucrt\stdio.h(1774): note: see declaration of 'sprintf'
C:\Users\flobo\Documents\Gits\PD3D\geovar\tetgen1.5.1\tetgen.cxx(2516): warning C4996: 'fopen': This function or variable may be unsafe. Consider using fopen_s instead. To disable deprecation, use _CRT_SECURE_NO_WARNINGS. See online help for details.
  C:\Program Files (x86)\Windows Kits\10\Include\10.0.17763.0\ucrt\stdio.h(208): note: see declaration of 'fopen'
C:\Users\flobo\Documents\Gits\PD3D\geovar\tetgen1.5.1\tetgen.cxx(2561): warning C4996: 'sprintf': This function or variable may be unsafe. Consider using sprintf_s instead. To disable deprecation, use _CRT_SECURE_NO_WARNINGS. See online help for details.
  C:\Program Files (x86)\Windows Kits\10\Include\10.0.17763.0\ucrt\stdio.h(1774): note: see declaration of 'sprintf'
C:\Users\flobo\Documents\Gits\PD3D\geovar\tetgen1.5.1\tetgen.cxx(2563): warning C4996: 'fopen': This function or variable may be unsafe. Consider using fopen_s instead. To disable deprecation, use _CRT_SECURE_NO_WARNINGS. See online help for details.
  C:\Program Files (x86)\Windows Kits\10\Include\10.0.17763.0\ucrt\stdio.h(208): note: see declaration of 'fopen'
C:\Users\flobo\Documents\Gits\PD3D\geovar\tetgen1.5.1\tetgen.cxx(2590): warning C4996: 'sprintf': This function or variable may be unsafe. Consider using sprintf_s instead. To disable deprecation, use _CRT_SECURE_NO_WARNINGS. See online help for details.
  C:\Program Files (x86)\Windows Kits\10\Include\10.0.17763.0\ucrt\stdio.h(1774): note: see declaration of 'sprintf'
C:\Users\flobo\Documents\Gits\PD3D\geovar\tetgen1.5.1\tetgen.cxx(2592): warning C4996: 'fopen': This function or variable may be unsafe. Consider using fopen_s instead. To disable deprecation, use _CRT_SECURE_NO_WARNINGS. See online help for details.
  C:\Program Files (x86)\Windows Kits\10\Include\10.0.17763.0\ucrt\stdio.h(208): note: see declaration of 'fopen'
C:\Users\flobo\Documents\Gits\PD3D\geovar\tetgen1.5.1\tetgen.cxx(2618): warning C4996: 'sprintf': This function or variable may be unsafe. Consider using sprintf_s instead. To disable deprecation, use _CRT_SECURE_NO_WARNINGS. See online help for details.
  C:\Program Files (x86)\Windows Kits\10\Include\10.0.17763.0\ucrt\stdio.h(1774): note: see declaration of 'sprintf'
C:\Users\flobo\Documents\Gits\PD3D\geovar\tetgen1.5.1\tetgen.cxx(2620): warning C4996: 'fopen': This function or variable may be unsafe. Consider using fopen_s instead. To disable deprecation, use _CRT_SECURE_NO_WARNINGS. See online help for details.
  C:\Program Files (x86)\Windows Kits\10\Include\10.0.17763.0\ucrt\stdio.h(208): note: see declaration of 'fopen'
C:\Users\flobo\Documents\Gits\PD3D\geovar\tetgen1.5.1\tetgen.cxx(2653): warning C4996: 'sprintf': This function or variable may be unsafe. Consider using sprintf_s instead. To disable deprecation, use _CRT_SECURE_NO_WARNINGS. See online help for details.
  C:\Program Files (x86)\Windows Kits\10\Include\10.0.17763.0\ucrt\stdio.h(1774): note: see declaration of 'sprintf'
C:\Users\flobo\Documents\Gits\PD3D\geovar\tetgen1.5.1\tetgen.cxx(2655): warning C4996: 'fopen': This function or variable may be unsafe. Consider using fopen_s instead. To disable deprecation, use _CRT_SECURE_NO_WARNINGS. See online help for details.
  C:\Program Files (x86)\Windows Kits\10\Include\10.0.17763.0\ucrt\stdio.h(208): note: see declaration of 'fopen'
C:\Users\flobo\Documents\Gits\PD3D\geovar\tetgen1.5.1\tetgen.cxx(2751): warning C4996: 'sprintf': This function or variable may be unsafe. Consider using sprintf_s instead. To disable deprecation, use _CRT_SECURE_NO_WARNINGS. See online help for details.
  C:\Program Files (x86)\Windows Kits\10\Include\10.0.17763.0\ucrt\stdio.h(1774): note: see declaration of 'sprintf'
C:\Users\flobo\Documents\Gits\PD3D\geovar\tetgen1.5.1\tetgen.cxx(2753): warning C4996: 'fopen': This function or variable may be unsafe. Consider using fopen_s instead. To disable deprecation, use _CRT_SECURE_NO_WARNINGS. See online help for details.
  C:\Program Files (x86)\Windows Kits\10\Include\10.0.17763.0\ucrt\stdio.h(208): note: see declaration of 'fopen'
C:\Users\flobo\Documents\Gits\PD3D\geovar\tetgen1.5.1\tetgen.cxx(3246): warning C4244: '=': conversion from 'double' to 'int', possible loss of data
C:\Users\flobo\Documents\Gits\PD3D\geovar\tetgen1.5.1\tetgen.cxx(3046): warning C4996: 'strcpy': This function or variable may be unsafe. Consider using strcpy_s instead. To disable deprecation, use _CRT_SECURE_NO_WARNINGS. See online help for details.
  C:\Program Files (x86)\Windows Kits\10\Include\10.0.17763.0\ucrt\string.h(133): note: see declaration of 'strcpy'
C:\Users\flobo\Documents\Gits\PD3D\geovar\tetgen1.5.1\tetgen.cxx(3047): warning C4996: 'strcat': This function or variable may be unsafe. Consider using strcat_s instead. To disable deprecation, use _CRT_SECURE_NO_WARNINGS. See online help for details.
  C:\Program Files (x86)\Windows Kits\10\Include\10.0.17763.0\ucrt\string.h(90): note: see declaration of 'strcat'
C:\Users\flobo\Documents\Gits\PD3D\geovar\tetgen1.5.1\tetgen.cxx(3052): warning C4996: 'strcat': This function or variable may be unsafe. Consider using strcat_s instead. To disable deprecation, use _CRT_SECURE_NO_WARNINGS. See online help for details.
  C:\Program Files (x86)\Windows Kits\10\Include\10.0.17763.0\ucrt\string.h(90): note: see declaration of 'strcat'
C:\Users\flobo\Documents\Gits\PD3D\geovar\tetgen1.5.1\tetgen.cxx(3053): warning C4996: 'strcat': This function or variable may be unsafe. Consider using strcat_s instead. To disable deprecation, use _CRT_SECURE_NO_WARNINGS. See online help for details.
  C:\Program Files (x86)\Windows Kits\10\Include\10.0.17763.0\ucrt\string.h(90): note: see declaration of 'strcat'
C:\Users\flobo\Documents\Gits\PD3D\geovar\tetgen1.5.1\tetgen.cxx(3057): warning C4996: 'strncpy': This function or variable may be unsafe. Consider using strncpy_s instead. To disable deprecation, use _CRT_SECURE_NO_WARNINGS. See online help for details.
  C:\Program Files (x86)\Windows Kits\10\Include\10.0.17763.0\ucrt\string.h(338): note: see declaration of 'strncpy'
C:\Users\flobo\Documents\Gits\PD3D\geovar\tetgen1.5.1\tetgen.cxx(3437): warning C4996: 'strncpy': This function or variable may be unsafe. Consider using strncpy_s instead. To disable deprecation, use _CRT_SECURE_NO_WARNINGS. See online help for details.
  C:\Program Files (x86)\Windows Kits\10\Include\10.0.17763.0\ucrt\string.h(338): note: see declaration of 'strncpy'
C:\Users\flobo\Documents\Gits\PD3D\geovar\tetgen1.5.1\tetgen.cxx(3455): warning C4996: 'strcpy': This function or variable may be unsafe. Consider using strcpy_s instead. To disable deprecation, use _CRT_SECURE_NO_WARNINGS. See online help for details.
  C:\Program Files (x86)\Windows Kits\10\Include\10.0.17763.0\ucrt\string.h(133): note: see declaration of 'strcpy'
C:\Users\flobo\Documents\Gits\PD3D\geovar\tetgen1.5.1\tetgen.cxx(3576): warning C4996: 'strcpy': This function or variable may be unsafe. Consider using strcpy_s instead. To disable deprecation, use _CRT_SECURE_NO_WARNINGS. See online help for details.
  C:\Program Files (x86)\Windows Kits\10\Include\10.0.17763.0\ucrt\string.h(133): note: see declaration of 'strcpy'
C:\Users\flobo\Documents\Gits\PD3D\geovar\tetgen1.5.1\tetgen.cxx(3597): warning C4996: 'strcpy': This function or variable may be unsafe. Consider using strcpy_s instead. To disable deprecation, use _CRT_SECURE_NO_WARNINGS. See online help for details.
  C:\Program Files (x86)\Windows Kits\10\Include\10.0.17763.0\ucrt\string.h(133): note: see declaration of 'strcpy'
C:\Users\flobo\Documents\Gits\PD3D\geovar\tetgen1.5.1\tetgen.cxx(3599): warning C4996: 'strcpy': This function or variable may be unsafe. Consider using strcpy_s instead. To disable deprecation, use _CRT_SECURE_NO_WARNINGS. See online help for details.
  C:\Program Files (x86)\Windows Kits\10\Include\10.0.17763.0\ucrt\string.h(133): note: see declaration of 'strcpy'
C:\Users\flobo\Documents\Gits\PD3D\geovar\tetgen1.5.1\tetgen.cxx(3600): warning C4996: 'strcat': This function or variable may be unsafe. Consider using strcat_s instead. To disable deprecation, use _CRT_SECURE_NO_WARNINGS. See online help for details.
  C:\Program Files (x86)\Windows Kits\10\Include\10.0.17763.0\ucrt\string.h(90): note: see declaration of 'strcat'
C:\Users\flobo\Documents\Gits\PD3D\geovar\tetgen1.5.1\tetgen.cxx(3605): warning C4996: 'sprintf': This function or variable may be unsafe. Consider using sprintf_s instead. To disable deprecation, use _CRT_SECURE_NO_WARNINGS. See online help for details.
  C:\Program Files (x86)\Windows Kits\10\Include\10.0.17763.0\ucrt\stdio.h(1774): note: see declaration of 'sprintf'
C:\Users\flobo\Documents\Gits\PD3D\geovar\tetgen1.5.1\tetgen.cxx(3608): warning C4996: 'strcpy': This function or variable may be unsafe. Consider using strcpy_s instead. To disable deprecation, use _CRT_SECURE_NO_WARNINGS. See online help for details.
  C:\Program Files (x86)\Windows Kits\10\Include\10.0.17763.0\ucrt\string.h(133): note: see declaration of 'strcpy'
C:\Users\flobo\Documents\Gits\PD3D\geovar\tetgen1.5.1\tetgen.cxx(3609): warning C4996: 'strcat': This function or variable may be unsafe. Consider using strcat_s instead. To disable deprecation, use _CRT_SECURE_NO_WARNINGS. See online help for details.
  C:\Program Files (x86)\Windows Kits\10\Include\10.0.17763.0\ucrt\string.h(90): note: see declaration of 'strcat'
C:\Users\flobo\Documents\Gits\PD3D\geovar\tetgen1.5.1\tetgen.cxx(3611): warning C4996: 'strcpy': This function or variable may be unsafe. Consider using strcpy_s instead. To disable deprecation, use _CRT_SECURE_NO_WARNINGS. See online help for details.
  C:\Program Files (x86)\Windows Kits\10\Include\10.0.17763.0\ucrt\string.h(133): note: see declaration of 'strcpy'
C:\Users\flobo\Documents\Gits\PD3D\geovar\tetgen1.5.1\tetgen.cxx(3612): warning C4996: 'strcat': This function or variable may be unsafe. Consider using strcat_s instead. To disable deprecation, use _CRT_SECURE_NO_WARNINGS. See online help for details.
  C:\Program Files (x86)\Windows Kits\10\Include\10.0.17763.0\ucrt\string.h(90): note: see declaration of 'strcat'
C:\Users\flobo\Documents\Gits\PD3D\geovar\tetgen1.5.1\tetgen.cxx(11551): warning C4244: '=': conversion from 'double' to 'int', possible loss of data
C:\Users\flobo\Documents\Gits\PD3D\geovar\tetgen1.5.1\tetgen.cxx(22597): warning C4996: 'strcpy': This function or variable may be unsafe. Consider using strcpy_s instead. To disable deprecation, use _CRT_SECURE_NO_WARNINGS. See online help for details.
  C:\Program Files (x86)\Windows Kits\10\Include\10.0.17763.0\ucrt\string.h(133): note: see declaration of 'strcpy'
C:\Users\flobo\Documents\Gits\PD3D\geovar\tetgen1.5.1\tetgen.cxx(29232): warning C4996: 'sprintf': This function or variable may be unsafe. Consider using sprintf_s instead. To disable deprecation, use _CRT_SECURE_NO_WARNINGS. See online help for details.
  C:\Program Files (x86)\Windows Kits\10\Include\10.0.17763.0\ucrt\stdio.h(1774): note: see declaration of 'sprintf'
C:\Users\flobo\Documents\Gits\PD3D\geovar\tetgen1.5.1\tetgen.cxx(29238): warning C4996: 'sprintf': This function or variable may be unsafe. Consider using sprintf_s instead. To disable deprecation, use _CRT_SECURE_NO_WARNINGS. See online help for details.
  C:\Program Files (x86)\Windows Kits\10\Include\10.0.17763.0\ucrt\stdio.h(1774): note: see declaration of 'sprintf'
C:\Users\flobo\Documents\Gits\PD3D\geovar\tetgen1.5.1\tetgen.cxx(29744): warning C4996: 'strcpy': This function or variable may be unsafe. Consider using strcpy_s instead. To disable deprecation, use _CRT_SECURE_NO_WARNINGS. See online help for details.
  C:\Program Files (x86)\Windows Kits\10\Include\10.0.17763.0\ucrt\string.h(133): note: see declaration of 'strcpy'
C:\Users\flobo\Documents\Gits\PD3D\geovar\tetgen1.5.1\tetgen.cxx(29745): warning C4996: 'strcat': This function or variable may be unsafe. Consider using strcat_s instead. To disable deprecation, use _CRT_SECURE_NO_WARNINGS. See online help for details.
  C:\Program Files (x86)\Windows Kits\10\Include\10.0.17763.0\ucrt\string.h(90): note: see declaration of 'strcat'
C:\Users\flobo\Documents\Gits\PD3D\geovar\tetgen1.5.1\tetgen.cxx(29764): warning C4996: 'fopen': This function or variable may be unsafe. Consider using fopen_s instead. To disable deprecation, use _CRT_SECURE_NO_WARNINGS. See online help for details.
  C:\Program Files (x86)\Windows Kits\10\Include\10.0.17763.0\ucrt\stdio.h(208): note: see declaration of 'fopen'
C:\Users\flobo\Documents\Gits\PD3D\geovar\tetgen1.5.1\tetgen.cxx(29938): warning C4996: 'strcpy': This function or variable may be unsafe. Consider using strcpy_s instead. To disable deprecation, use _CRT_SECURE_NO_WARNINGS. See online help for details.
  C:\Program Files (x86)\Windows Kits\10\Include\10.0.17763.0\ucrt\string.h(133): note: see declaration of 'strcpy'
C:\Users\flobo\Documents\Gits\PD3D\geovar\tetgen1.5.1\tetgen.cxx(29939): warning C4996: 'strcat': This function or variable may be unsafe. Consider using strcat_s instead. To disable deprecation, use _CRT_SECURE_NO_WARNINGS. See online help for details.
  C:\Program Files (x86)\Windows Kits\10\Include\10.0.17763.0\ucrt\string.h(90): note: see declaration of 'strcat'
C:\Users\flobo\Documents\Gits\PD3D\geovar\tetgen1.5.1\tetgen.cxx(29951): warning C4996: 'fopen': This function or variable may be unsafe. Consider using fopen_s instead. To disable deprecation, use _CRT_SECURE_NO_WARNINGS. See online help for details.
  C:\Program Files (x86)\Windows Kits\10\Include\10.0.17763.0\ucrt\stdio.h(208): note: see declaration of 'fopen'
C:\Users\flobo\Documents\Gits\PD3D\geovar\tetgen1.5.1\tetgen.cxx(29985): warning C4996: 'strcpy': This function or variable may be unsafe. Consider using strcpy_s instead. To disable deprecation, use _CRT_SECURE_NO_WARNINGS. See online help for details.
  C:\Program Files (x86)\Windows Kits\10\Include\10.0.17763.0\ucrt\string.h(133): note: see declaration of 'strcpy'
C:\Users\flobo\Documents\Gits\PD3D\geovar\tetgen1.5.1\tetgen.cxx(29986): warning C4996: 'strcat': This function or variable may be unsafe. Consider using strcat_s instead. To disable deprecation, use _CRT_SECURE_NO_WARNINGS. See online help for details.
  C:\Program Files (x86)\Windows Kits\10\Include\10.0.17763.0\ucrt\string.h(90): note: see declaration of 'strcat'
C:\Users\flobo\Documents\Gits\PD3D\geovar\tetgen1.5.1\tetgen.cxx(29998): warning C4996: 'fopen': This function or variable may be unsafe. Consider using fopen_s instead. To disable deprecation, use _CRT_SECURE_NO_WARNINGS. See online help for details.
  C:\Program Files (x86)\Windows Kits\10\Include\10.0.17763.0\ucrt\stdio.h(208): note: see declaration of 'fopen'
C:\Users\flobo\Documents\Gits\PD3D\geovar\tetgen1.5.1\tetgen.cxx(30075): warning C4996: 'strcpy': This function or variable may be unsafe. Consider using strcpy_s instead. To disable deprecation, use _CRT_SECURE_NO_WARNINGS. See online help for details.
  C:\Program Files (x86)\Windows Kits\10\Include\10.0.17763.0\ucrt\string.h(133): note: see declaration of 'strcpy'
C:\Users\flobo\Documents\Gits\PD3D\geovar\tetgen1.5.1\tetgen.cxx(30076): warning C4996: 'strcat': This function or variable may be unsafe. Consider using strcat_s instead. To disable deprecation, use _CRT_SECURE_NO_WARNINGS. See online help for details.
  C:\Program Files (x86)\Windows Kits\10\Include\10.0.17763.0\ucrt\string.h(90): note: see declaration of 'strcat'
C:\Users\flobo\Documents\Gits\PD3D\geovar\tetgen1.5.1\tetgen.cxx(30092): warning C4996: 'fopen': This function or variable may be unsafe. Consider using fopen_s instead. To disable deprecation, use _CRT_SECURE_NO_WARNINGS. See online help for details.
  C:\Program Files (x86)\Windows Kits\10\Include\10.0.17763.0\ucrt\stdio.h(208): note: see declaration of 'fopen'
C:\Users\flobo\Documents\Gits\PD3D\geovar\tetgen1.5.1\tetgen.cxx(30230): warning C4996: 'strcpy': This function or variable may be unsafe. Consider using strcpy_s instead. To disable deprecation, use _CRT_SECURE_NO_WARNINGS. See online help for details.
  C:\Program Files (x86)\Windows Kits\10\Include\10.0.17763.0\ucrt\string.h(133): note: see declaration of 'strcpy'
C:\Users\flobo\Documents\Gits\PD3D\geovar\tetgen1.5.1\tetgen.cxx(30231): warning C4996: 'strcat': This function or variable may be unsafe. Consider using strcat_s instead. To disable deprecation, use _CRT_SECURE_NO_WARNINGS. See online help for details.
  C:\Program Files (x86)\Windows Kits\10\Include\10.0.17763.0\ucrt\string.h(90): note: see declaration of 'strcat'
C:\Users\flobo\Documents\Gits\PD3D\geovar\tetgen1.5.1\tetgen.cxx(30246): warning C4996: 'fopen': This function or variable may be unsafe. Consider using fopen_s instead. To disable deprecation, use _CRT_SECURE_NO_WARNINGS. See online help for details.
  C:\Program Files (x86)\Windows Kits\10\Include\10.0.17763.0\ucrt\stdio.h(208): note: see declaration of 'fopen'
C:\Users\flobo\Documents\Gits\PD3D\geovar\tetgen1.5.1\tetgen.cxx(30404): warning C4996: 'strcpy': This function or variable may be unsafe. Consider using strcpy_s instead. To disable deprecation, use _CRT_SECURE_NO_WARNINGS. See online help for details.
  C:\Program Files (x86)\Windows Kits\10\Include\10.0.17763.0\ucrt\string.h(133): note: see declaration of 'strcpy'
C:\Users\flobo\Documents\Gits\PD3D\geovar\tetgen1.5.1\tetgen.cxx(30405): warning C4996: 'strcat': This function or variable may be unsafe. Consider using strcat_s instead. To disable deprecation, use _CRT_SECURE_NO_WARNINGS. See online help for details.
  C:\Program Files (x86)\Windows Kits\10\Include\10.0.17763.0\ucrt\string.h(90): note: see declaration of 'strcat'
C:\Users\flobo\Documents\Gits\PD3D\geovar\tetgen1.5.1\tetgen.cxx(30415): warning C4996: 'fopen': This function or variable may be unsafe. Consider using fopen_s instead. To disable deprecation, use _CRT_SECURE_NO_WARNINGS. See online help for details.
  C:\Program Files (x86)\Windows Kits\10\Include\10.0.17763.0\ucrt\stdio.h(208): note: see declaration of 'fopen'
C:\Users\flobo\Documents\Gits\PD3D\geovar\tetgen1.5.1\tetgen.cxx(30451): warning C4996: 'strcpy': This function or variable may be unsafe. Consider using strcpy_s instead. To disable deprecation, use _CRT_SECURE_NO_WARNINGS. See online help for details.
  C:\Program Files (x86)\Windows Kits\10\Include\10.0.17763.0\ucrt\string.h(133): note: see declaration of 'strcpy'
C:\Users\flobo\Documents\Gits\PD3D\geovar\tetgen1.5.1\tetgen.cxx(30452): warning C4996: 'strcat': This function or variable may be unsafe. Consider using strcat_s instead. To disable deprecation, use _CRT_SECURE_NO_WARNINGS. See online help for details.
  C:\Program Files (x86)\Windows Kits\10\Include\10.0.17763.0\ucrt\string.h(90): note: see declaration of 'strcat'
C:\Users\flobo\Documents\Gits\PD3D\geovar\tetgen1.5.1\tetgen.cxx(30464): warning C4996: 'fopen': This function or variable may be unsafe. Consider using fopen_s instead. To disable deprecation, use _CRT_SECURE_NO_WARNINGS. See online help for details.
  C:\Program Files (x86)\Windows Kits\10\Include\10.0.17763.0\ucrt\stdio.h(208): note: see declaration of 'fopen'
C:\Users\flobo\Documents\Gits\PD3D\geovar\tetgen1.5.1\tetgen.cxx(30555): warning C4996: 'strcpy': This function or variable may be unsafe. Consider using strcpy_s instead. To disable deprecation, use _CRT_SECURE_NO_WARNINGS. See online help for details.
  C:\Program Files (x86)\Windows Kits\10\Include\10.0.17763.0\ucrt\string.h(133): note: see declaration of 'strcpy'
C:\Users\flobo\Documents\Gits\PD3D\geovar\tetgen1.5.1\tetgen.cxx(30556): warning C4996: 'strcat': This function or variable may be unsafe. Consider using strcat_s instead. To disable deprecation, use _CRT_SECURE_NO_WARNINGS. See online help for details.
  C:\Program Files (x86)\Windows Kits\10\Include\10.0.17763.0\ucrt\string.h(90): note: see declaration of 'strcat'
C:\Users\flobo\Documents\Gits\PD3D\geovar\tetgen1.5.1\tetgen.cxx(30568): warning C4996: 'fopen': This function or variable may be unsafe. Consider using fopen_s instead. To disable deprecation, use _CRT_SECURE_NO_WARNINGS. See online help for details.
  C:\Program Files (x86)\Windows Kits\10\Include\10.0.17763.0\ucrt\stdio.h(208): note: see declaration of 'fopen'
C:\Users\flobo\Documents\Gits\PD3D\geovar\tetgen1.5.1\tetgen.cxx(30742): warning C4996: 'strcpy': This function or variable may be unsafe. Consider using strcpy_s instead. To disable deprecation, use _CRT_SECURE_NO_WARNINGS. See online help for details.
  C:\Program Files (x86)\Windows Kits\10\Include\10.0.17763.0\ucrt\string.h(133): note: see declaration of 'strcpy'
C:\Users\flobo\Documents\Gits\PD3D\geovar\tetgen1.5.1\tetgen.cxx(30743): warning C4996: 'strcat': This function or variable may be unsafe. Consider using strcat_s instead. To disable deprecation, use _CRT_SECURE_NO_WARNINGS. See online help for details.
  C:\Program Files (x86)\Windows Kits\10\Include\10.0.17763.0\ucrt\string.h(90): note: see declaration of 'strcat'
C:\Users\flobo\Documents\Gits\PD3D\geovar\tetgen1.5.1\tetgen.cxx(30770): warning C4996: 'fopen': This function or variable may be unsafe. Consider using fopen_s instead. To disable deprecation, use _CRT_SECURE_NO_WARNINGS. See online help for details.
  C:\Program Files (x86)\Windows Kits\10\Include\10.0.17763.0\ucrt\stdio.h(208): note: see declaration of 'fopen'
C:\Users\flobo\Documents\Gits\PD3D\geovar\tetgen1.5.1\tetgen.cxx(30935): warning C4996: 'strcpy': This function or variable may be unsafe. Consider using strcpy_s instead. To disable deprecation, use _CRT_SECURE_NO_WARNINGS. See online help for details.
  C:\Program Files (x86)\Windows Kits\10\Include\10.0.17763.0\ucrt\string.h(133): note: see declaration of 'strcpy'
C:\Users\flobo\Documents\Gits\PD3D\geovar\tetgen1.5.1\tetgen.cxx(30936): warning C4996: 'strcat': This function or variable may be unsafe. Consider using strcat_s instead. To disable deprecation, use _CRT_SECURE_NO_WARNINGS. See online help for details.
  C:\Program Files (x86)\Windows Kits\10\Include\10.0.17763.0\ucrt\string.h(90): note: see declaration of 'strcat'
C:\Users\flobo\Documents\Gits\PD3D\geovar\tetgen1.5.1\tetgen.cxx(30946): warning C4996: 'fopen': This function or variable may be unsafe. Consider using fopen_s instead. To disable deprecation, use _CRT_SECURE_NO_WARNINGS. See online help for details.
  C:\Program Files (x86)\Windows Kits\10\Include\10.0.17763.0\ucrt\stdio.h(208): note: see declaration of 'fopen'
C:\Users\flobo\Documents\Gits\PD3D\geovar\tetgen1.5.1\tetgen.cxx(30962): warning C4996: 'strcpy': This function or variable may be unsafe. Consider using strcpy_s instead. To disable deprecation, use _CRT_SECURE_NO_WARNINGS. See online help for details.
  C:\Program Files (x86)\Windows Kits\10\Include\10.0.17763.0\ucrt\string.h(133): note: see declaration of 'strcpy'
C:\Users\flobo\Documents\Gits\PD3D\geovar\tetgen1.5.1\tetgen.cxx(30963): warning C4996: 'strcat': This function or variable may be unsafe. Consider using strcat_s instead. To disable deprecation, use _CRT_SECURE_NO_WARNINGS. See online help for details.
  C:\Program Files (x86)\Windows Kits\10\Include\10.0.17763.0\ucrt\string.h(90): note: see declaration of 'strcat'
C:\Users\flobo\Documents\Gits\PD3D\geovar\tetgen1.5.1\tetgen.cxx(30973): warning C4996: 'fopen': This function or variable may be unsafe. Consider using fopen_s instead. To disable deprecation, use _CRT_SECURE_NO_WARNINGS. See online help for details.
  C:\Program Files (x86)\Windows Kits\10\Include\10.0.17763.0\ucrt\stdio.h(208): note: see declaration of 'fopen'
C:\Users\flobo\Documents\Gits\PD3D\geovar\tetgen1.5.1\tetgen.cxx(31020): warning C4996: 'strcpy': This function or variable may be unsafe. Consider using strcpy_s instead. To disable deprecation, use _CRT_SECURE_NO_WARNINGS. See online help for details.
  C:\Program Files (x86)\Windows Kits\10\Include\10.0.17763.0\ucrt\string.h(133): note: see declaration of 'strcpy'
C:\Users\flobo\Documents\Gits\PD3D\geovar\tetgen1.5.1\tetgen.cxx(31021): warning C4996: 'strcat': This function or variable may be unsafe. Consider using strcat_s instead. To disable deprecation, use _CRT_SECURE_NO_WARNINGS. See online help for details.
  C:\Program Files (x86)\Windows Kits\10\Include\10.0.17763.0\ucrt\string.h(90): note: see declaration of 'strcat'
C:\Users\flobo\Documents\Gits\PD3D\geovar\tetgen1.5.1\tetgen.cxx(31033): warning C4996: 'fopen': This function or variable may be unsafe. Consider using fopen_s instead. To disable deprecation, use _CRT_SECURE_NO_WARNINGS. See online help for details.
  C:\Program Files (x86)\Windows Kits\10\Include\10.0.17763.0\ucrt\stdio.h(208): note: see declaration of 'fopen'
C:\Users\flobo\Documents\Gits\PD3D\geovar\tetgen1.5.1\tetgen.cxx(31162): warning C4996: 'strcpy': This function or variable may be unsafe. Consider using strcpy_s instead. To disable deprecation, use _CRT_SECURE_NO_WARNINGS. See online help for details.
  C:\Program Files (x86)\Windows Kits\10\Include\10.0.17763.0\ucrt\string.h(133): note: see declaration of 'strcpy'
C:\Users\flobo\Documents\Gits\PD3D\geovar\tetgen1.5.1\tetgen.cxx(31163): warning C4996: 'strcat': This function or variable may be unsafe. Consider using strcat_s instead. To disable deprecation, use _CRT_SECURE_NO_WARNINGS. See online help for details.
  C:\Program Files (x86)\Windows Kits\10\Include\10.0.17763.0\ucrt\string.h(90): note: see declaration of 'strcat'
C:\Users\flobo\Documents\Gits\PD3D\geovar\tetgen1.5.1\tetgen.cxx(31177): warning C4996: 'fopen': This function or variable may be unsafe. Consider using fopen_s instead. To disable deprecation, use _CRT_SECURE_NO_WARNINGS. See online help for details.
  C:\Program Files (x86)\Windows Kits\10\Include\10.0.17763.0\ucrt\stdio.h(208): note: see declaration of 'fopen'
C:\Users\flobo\Documents\Gits\PD3D\geovar\tetgen1.5.1\tetgen.cxx(31272): warning C4996: 'strcpy': This function or variable may be unsafe. Consider using strcpy_s instead. To disable deprecation, use _CRT_SECURE_NO_WARNINGS. See online help for details.
  C:\Program Files (x86)\Windows Kits\10\Include\10.0.17763.0\ucrt\string.h(133): note: see declaration of 'strcpy'
C:\Users\flobo\Documents\Gits\PD3D\geovar\tetgen1.5.1\tetgen.cxx(31273): warning C4996: 'strcat': This function or variable may be unsafe. Consider using strcat_s instead. To disable deprecation, use _CRT_SECURE_NO_WARNINGS. See online help for details.
  C:\Program Files (x86)\Windows Kits\10\Include\10.0.17763.0\ucrt\string.h(90): note: see declaration of 'strcat'
C:\Users\flobo\Documents\Gits\PD3D\geovar\tetgen1.5.1\tetgen.cxx(31322): warning C4996: 'fopen': This function or variable may be unsafe. Consider using fopen_s instead. To disable deprecation, use _CRT_SECURE_NO_WARNINGS. See online help for details.
  C:\Program Files (x86)\Windows Kits\10\Include\10.0.17763.0\ucrt\stdio.h(208): note: see declaration of 'fopen'
C:\Users\flobo\Documents\Gits\PD3D\geovar\tetgen1.5.1\tetgen.cxx(31374): warning C4996: 'strcpy': This function or variable may be unsafe. Consider using strcpy_s instead. To disable deprecation, use _CRT_SECURE_NO_WARNINGS. See online help for details.
  C:\Program Files (x86)\Windows Kits\10\Include\10.0.17763.0\ucrt\string.h(133): note: see declaration of 'strcpy'
C:\Users\flobo\Documents\Gits\PD3D\geovar\tetgen1.5.1\tetgen.cxx(31375): warning C4996: 'strcat': This function or variable may be unsafe. Consider using strcat_s instead. To disable deprecation, use _CRT_SECURE_NO_WARNINGS. See online help for details.
  C:\Program Files (x86)\Windows Kits\10\Include\10.0.17763.0\ucrt\string.h(90): note: see declaration of 'strcat'
C:\Users\flobo\Documents\Gits\PD3D\geovar\tetgen1.5.1\tetgen.cxx(31387): warning C4996: 'fopen': This function or variable may be unsafe. Consider using fopen_s instead. To disable deprecation, use _CRT_SECURE_NO_WARNINGS. See online help for details.
  C:\Program Files (x86)\Windows Kits\10\Include\10.0.17763.0\ucrt\stdio.h(208): note: see declaration of 'fopen'
C:\Users\flobo\Documents\Gits\PD3D\geovar\tetgen1.5.1\tetgen.cxx(31476): warning C4996: 'strcpy': This function or variable may be unsafe. Consider using strcpy_s instead. To disable deprecation, use _CRT_SECURE_NO_WARNINGS. See online help for details.
  C:\Program Files (x86)\Windows Kits\10\Include\10.0.17763.0\ucrt\string.h(133): note: see declaration of 'strcpy'
C:\Users\flobo\Documents\Gits\PD3D\geovar\tetgen1.5.1\tetgen.cxx(31477): warning C4996: 'strcat': This function or variable may be unsafe. Consider using strcat_s instead. To disable deprecation, use _CRT_SECURE_NO_WARNINGS. See online help for details.
  C:\Program Files (x86)\Windows Kits\10\Include\10.0.17763.0\ucrt\string.h(90): note: see declaration of 'strcat'
C:\Users\flobo\Documents\Gits\PD3D\geovar\tetgen1.5.1\tetgen.cxx(31489): warning C4996: 'fopen': This function or variable may be unsafe. Consider using fopen_s instead. To disable deprecation, use _CRT_SECURE_NO_WARNINGS. See online help for details.
  C:\Program Files (x86)\Windows Kits\10\Include\10.0.17763.0\ucrt\stdio.h(208): note: see declaration of 'fopen'
C:\Users\flobo\Documents\Gits\PD3D\geovar\tetgen1.5.1\tetgen.cxx(31590): warning C4996: 'strcpy': This function or variable may be unsafe. Consider using strcpy_s instead. To disable deprecation, use _CRT_SECURE_NO_WARNINGS. See online help for details.
  C:\Program Files (x86)\Windows Kits\10\Include\10.0.17763.0\ucrt\string.h(133): note: see declaration of 'strcpy'
C:\Users\flobo\Documents\Gits\PD3D\geovar\tetgen1.5.1\tetgen.cxx(31591): warning C4996: 'strcat': This function or variable may be unsafe. Consider using strcat_s instead. To disable deprecation, use _CRT_SECURE_NO_WARNINGS. See online help for details.
  C:\Program Files (x86)\Windows Kits\10\Include\10.0.17763.0\ucrt\string.h(90): note: see declaration of 'strcat'
C:\Users\flobo\Documents\Gits\PD3D\geovar\tetgen1.5.1\tetgen.cxx(31603): warning C4996: 'fopen': This function or variable may be unsafe. Consider using fopen_s instead. To disable deprecation, use _CRT_SECURE_NO_WARNINGS. See online help for details.
  C:\Program Files (x86)\Windows Kits\10\Include\10.0.17763.0\ucrt\stdio.h(208): note: see declaration of 'fopen'
C:\Users\flobo\Documents\Gits\PD3D\geovar\tetgen1.5.1\tetgen.cxx(31727): warning C4996: 'strcpy': This function or variable may be unsafe. Consider using strcpy_s instead. To disable deprecation, use _CRT_SECURE_NO_WARNINGS. See online help for details.
  C:\Program Files (x86)\Windows Kits\10\Include\10.0.17763.0\ucrt\string.h(133): note: see declaration of 'strcpy'
C:\Users\flobo\Documents\Gits\PD3D\geovar\tetgen1.5.1\tetgen.cxx(31729): warning C4996: 'strcpy': This function or variable may be unsafe. Consider using strcpy_s instead. To disable deprecation, use _CRT_SECURE_NO_WARNINGS. See online help for details.
  C:\Program Files (x86)\Windows Kits\10\Include\10.0.17763.0\ucrt\string.h(133): note: see declaration of 'strcpy'
C:\Users\flobo\Documents\Gits\PD3D\geovar\tetgen1.5.1\tetgen.cxx(31731): warning C4996: 'strcpy': This function or variable may be unsafe. Consider using strcpy_s instead. To disable deprecation, use _CRT_SECURE_NO_WARNINGS. See online help for details.
  C:\Program Files (x86)\Windows Kits\10\Include\10.0.17763.0\ucrt\string.h(133): note: see declaration of 'strcpy'
C:\Users\flobo\Documents\Gits\PD3D\geovar\tetgen1.5.1\tetgen.cxx(31733): warning C4996: 'strcpy': This function or variable may be unsafe. Consider using strcpy_s instead. To disable deprecation, use _CRT_SECURE_NO_WARNINGS. See online help for details.
  C:\Program Files (x86)\Windows Kits\10\Include\10.0.17763.0\ucrt\string.h(133): note: see declaration of 'strcpy'
C:\Users\flobo\Documents\Gits\PD3D\geovar\tetgen1.5.1\tetgen.cxx(31734): warning C4996: 'strcat': This function or variable may be unsafe. Consider using strcat_s instead. To disable deprecation, use _CRT_SECURE_NO_WARNINGS. See online help for details.
  C:\Program Files (x86)\Windows Kits\10\Include\10.0.17763.0\ucrt\string.h(90): note: see declaration of 'strcat'
C:\Users\flobo\Documents\Gits\PD3D\geovar\tetgen1.5.1\tetgen.cxx(31735): warning C4996: 'strcat': This function or variable may be unsafe. Consider using strcat_s instead. To disable deprecation, use _CRT_SECURE_NO_WARNINGS. See online help for details.
  C:\Program Files (x86)\Windows Kits\10\Include\10.0.17763.0\ucrt\string.h(90): note: see declaration of 'strcat'
C:\Users\flobo\Documents\Gits\PD3D\geovar\tetgen1.5.1\tetgen.cxx(31740): warning C4996: 'fopen': This function or variable may be unsafe. Consider using fopen_s instead. To disable deprecation, use _CRT_SECURE_NO_WARNINGS. See online help for details.
  C:\Program Files (x86)\Windows Kits\10\Include\10.0.17763.0\ucrt\stdio.h(208): note: see declaration of 'fopen'
C:\Users\flobo\Documents\Gits\PD3D\geovar\tetgen1.5.1\tetgen.cxx(31830): warning C4996: 'strcpy': This function or variable may be unsafe. Consider using strcpy_s instead. To disable deprecation, use _CRT_SECURE_NO_WARNINGS. See online help for details.
  C:\Program Files (x86)\Windows Kits\10\Include\10.0.17763.0\ucrt\string.h(133): note: see declaration of 'strcpy'
C:\Users\flobo\Documents\Gits\PD3D\geovar\tetgen1.5.1\tetgen.cxx(31832): warning C4996: 'strcpy': This function or variable may be unsafe. Consider using strcpy_s instead. To disable deprecation, use _CRT_SECURE_NO_WARNINGS. See online help for details.
  C:\Program Files (x86)\Windows Kits\10\Include\10.0.17763.0\ucrt\string.h(133): note: see declaration of 'strcpy'
C:\Users\flobo\Documents\Gits\PD3D\geovar\tetgen1.5.1\tetgen.cxx(31834): warning C4996: 'strcpy': This function or variable may be unsafe. Consider using strcpy_s instead. To disable deprecation, use _CRT_SECURE_NO_WARNINGS. See online help for details.
  C:\Program Files (x86)\Windows Kits\10\Include\10.0.17763.0\ucrt\string.h(133): note: see declaration of 'strcpy'
C:\Users\flobo\Documents\Gits\PD3D\geovar\tetgen1.5.1\tetgen.cxx(31836): warning C4996: 'strcat': This function or variable may be unsafe. Consider using strcat_s instead. To disable deprecation, use _CRT_SECURE_NO_WARNINGS. See online help for details.
  C:\Program Files (x86)\Windows Kits\10\Include\10.0.17763.0\ucrt\string.h(90): note: see declaration of 'strcat'
C:\Users\flobo\Documents\Gits\PD3D\geovar\tetgen1.5.1\tetgen.cxx(31841): warning C4996: 'fopen': This function or variable may be unsafe. Consider using fopen_s instead. To disable deprecation, use _CRT_SECURE_NO_WARNINGS. See online help for details.
  C:\Program Files (x86)\Windows Kits\10\Include\10.0.17763.0\ucrt\stdio.h(208): note: see declaration of 'fopen'
C:\Users\flobo\Documents\Gits\PD3D\geovar\tetgen1.5.1\tetgen.cxx(31993): warning C4996: 'strcpy': This function or variable may be unsafe. Consider using strcpy_s instead. To disable deprecation, use _CRT_SECURE_NO_WARNINGS. See online help for details.
  C:\Program Files (x86)\Windows Kits\10\Include\10.0.17763.0\ucrt\string.h(133): note: see declaration of 'strcpy'
C:\Users\flobo\Documents\Gits\PD3D\geovar\tetgen1.5.1\tetgen.cxx(31995): warning C4996: 'strcpy': This function or variable may be unsafe. Consider using strcpy_s instead. To disable deprecation, use _CRT_SECURE_NO_WARNINGS. See online help for details.
  C:\Program Files (x86)\Windows Kits\10\Include\10.0.17763.0\ucrt\string.h(133): note: see declaration of 'strcpy'
C:\Users\flobo\Documents\Gits\PD3D\geovar\tetgen1.5.1\tetgen.cxx(31997): warning C4996: 'strcpy': This function or variable may be unsafe. Consider using strcpy_s instead. To disable deprecation, use _CRT_SECURE_NO_WARNINGS. See online help for details.
  C:\Program Files (x86)\Windows Kits\10\Include\10.0.17763.0\ucrt\string.h(133): note: see declaration of 'strcpy'
C:\Users\flobo\Documents\Gits\PD3D\geovar\tetgen1.5.1\tetgen.cxx(31999): warning C4996: 'strcat': This function or variable may be unsafe. Consider using strcat_s instead. To disable deprecation, use _CRT_SECURE_NO_WARNINGS. See online help for details.
  C:\Program Files (x86)\Windows Kits\10\Include\10.0.17763.0\ucrt\string.h(90): note: see declaration of 'strcat'
C:\Users\flobo\Documents\Gits\PD3D\geovar\tetgen1.5.1\tetgen.cxx(32004): warning C4996: 'fopen': This function or variable may be unsafe. Consider using fopen_s instead. To disable deprecation, use _CRT_SECURE_NO_WARNINGS. See online help for details.
  C:\Program Files (x86)\Windows Kits\10\Include\10.0.17763.0\ucrt\stdio.h(208): note: see declaration of 'fopen'
  predicates.cxx
  Generating Code...
  tetgen.vcxproj -> C:\Users\flobo\Documents\Gits\PD3D\geovar\tetgen1.5.1\build\Debug\tetgen.exe
